<?xml version="1.0" encoding="UTF-8"?>
<!-- Generated by org.testng.reporters.JUnitReportReporter -->
<testsuite skipped="0" hostname="SS-VAIO" name="test.NewAccountTest" tests="1" failures="0" timestamp="2020-02-13T21:13:51 CST" time="27.443" errors="0">
  <testcase name="addNewAccount" time="27.443" classname="test.NewAccountTest"/>
</testsuite> <!-- test.NewAccountTest -->
