<?xml version="1.0" encoding="UTF-8"?>
<!-- Generated by org.testng.reporters.JUnitReportReporter -->
<testsuite skipped="0" hostname="SS-VAIO" name="test.DashboardPageTest" tests="2" failures="0" timestamp="2020-02-11T01:36:00 CST" time="23.962" errors="0">
  <testcase name="validUserShouldAbleToLogin" time="3.790" classname="test.DashboardPageTest"/>
  <testcase name="addNewAccount" time="20.172" classname="test.DashboardPageTest"/>
</testsuite> <!-- test.DashboardPageTest -->
