<?xml version="1.0" encoding="UTF-8"?>
<!-- Generated by org.testng.reporters.JUnitReportReporter -->
<testsuite skipped="0" hostname="SS-VAIO" name="test.LoginPageTest" tests="1" failures="0" timestamp="2020-02-13T16:36:55 CST" time="14.029" errors="0">
  <testcase name="validUserShouldBeAbleToLogin" time="14.029" classname="test.LoginPageTest"/>
</testsuite> <!-- test.LoginPageTest -->
