<?xml version="1.0" encoding="UTF-8"?>
<!-- Generated by org.testng.reporters.JUnitReportReporter -->
<testsuite skipped="0" hostname="SS-VAIO" name="test.NewAccountPageTest" tests="1" failures="0" timestamp="2020-02-13T17:33:36 CST" time="30.985" errors="0">
  <testcase name="addNewAccount" time="30.985" classname="test.NewAccountPageTest"/>
</testsuite> <!-- test.NewAccountPageTest -->
