<?xml version="1.0" encoding="UTF-8"?>
<!-- Generated by org.testng.reporters.JUnitReportReporter -->
<testsuite skipped="0" hostname="SS-VAIO" name="test.LoginTest" tests="1" failures="0" timestamp="14 Feb 2020 07:04:32 GMT" time="15.310" errors="0">
  <testcase name="validUserShouldBeAbleToLogin" time="15.310" classname="test.LoginTest"/>
</testsuite> <!-- test.LoginTest -->
