<?xml version="1.0" encoding="UTF-8"?>
<!-- Generated by org.testng.reporters.JUnitReportReporter -->
<testsuite skipped="0" hostname="SS-VAIO" name="test.NewAccountTest" tests="1" failures="0" timestamp="14 Feb 2020 07:04:32 GMT" time="35.319" errors="0">
  <testcase name="addNewAccount" time="35.319" classname="test.NewAccountTest"/>
</testsuite> <!-- test.NewAccountTest -->
